{"level":"info","message":"服务器运行在 http://localhost:3001","service":"license-api","timestamp":"2025-05-18 10:04:11"}
{"level":"info","message":"环境: development","service":"license-api","timestamp":"2025-05-18 10:04:11"}
{"level":"info","message":"POST /api/auth/register","service":"license-api","timestamp":"2025-05-18 15:14:37"}
{"level":"info","message":"POST /api/auth/register","service":"license-api","timestamp":"2025-05-18 15:17:22"}
{"level":"info","message":"POST /api/auth/register","service":"license-api","timestamp":"2025-05-18 15:20:56"}
{"level":"info","message":"POST /api/auth/register","service":"license-api","timestamp":"2025-05-18 15:25:02"}
{"level":"info","message":"POST /api/auth/register","service":"license-api","timestamp":"2025-05-18 15:27:23"}
{"level":"info","message":"POST /api/auth/register","service":"license-api","timestamp":"2025-05-18 15:28:19"}
{"level":"info","message":"POST /api/auth/register","service":"license-api","timestamp":"2025-05-18 15:29:15"}
{"address":"::","code":"EADDRINUSE","errno":-48,"level":"error","message":"未捕获的异常: listen EADDRINUSE: address already in use :::3001","port":3001,"service":"license-api","stack":"Error: listen EADDRINUSE: address already in use :::3001\n    at Server.setupListenHandle [as _listen2] (node:net:1939:16)\n    at listenInCluster (node:net:1996:12)\n    at Server.listen (node:net:2101:7)\n    at Function.listen (/Users/mac-m4/github/license/license-management/backend/node_modules/express/lib/application.js:635:24)\n    at startServer (/Users/mac-m4/github/license/license-management/backend/src/index.js:60:9)\n    at process.processTicksAndRejections (node:internal/process/task_queues:105:5)","syscall":"listen","timestamp":"2025-05-18 15:30:52"}
{"level":"info","message":"GET /api","service":"license-api","timestamp":"2025-05-18 15:31:07"}
{"level":"info","message":"GET /favicon.ico","service":"license-api","timestamp":"2025-05-18 15:31:07"}
{"level":"info","message":"服务器运行在 http://localhost:3001","service":"license-api","timestamp":"2025-05-18 15:33:04"}
{"level":"info","message":"环境: development","service":"license-api","timestamp":"2025-05-18 15:33:04"}
{"level":"info","message":"GET /api/health","service":"license-api","timestamp":"2025-05-18 15:33:52"}
{"level":"info","message":"GET /api/health","service":"license-api","timestamp":"2025-05-18 15:34:30"}
{"level":"info","message":"GET /api/health","service":"license-api","timestamp":"2025-05-18 15:34:52"}
{"level":"info","message":"服务器运行在 http://localhost:3001","service":"license-api","timestamp":"2025-05-18 15:36:11"}
{"level":"info","message":"环境: development","service":"license-api","timestamp":"2025-05-18 15:36:11"}
{"address":"::","code":"EADDRINUSE","errno":-48,"level":"error","message":"未捕获的异常: listen EADDRINUSE: address already in use :::3001","port":3001,"service":"license-api","stack":"Error: listen EADDRINUSE: address already in use :::3001\n    at Server.setupListenHandle [as _listen2] (node:net:1939:16)\n    at listenInCluster (node:net:1996:12)\n    at Server.listen (node:net:2101:7)\n    at Function.listen (/Users/mac-m4/github/license/license-management/backend/node_modules/express/lib/application.js:635:24)\n    at startServer (/Users/mac-m4/github/license/license-management/backend/src/index.js:65:9)\n    at process.processTicksAndRejections (node:internal/process/task_queues:105:5)","syscall":"listen","timestamp":"2025-05-18 15:36:11"}
{"level":"info","message":"服务器运行在 http://localhost:3001","service":"license-api","timestamp":"2025-05-18 15:38:12"}
{"level":"info","message":"环境: development","service":"license-api","timestamp":"2025-05-18 15:38:12"}
{"level":"info","message":"GET /api/health","service":"license-api","timestamp":"2025-05-18 15:38:14"}
{"level":"info","message":"POST /api/auth/register","service":"license-api","timestamp":"2025-05-18 15:38:14"}
{"level":"info","message":"GET /api/health","service":"license-api","timestamp":"2025-05-18 16:02:29"}
{"level":"info","message":"POST /api/auth/register","service":"license-api","timestamp":"2025-05-18 16:02:29"}
{"level":"info","message":"GET /api/health","service":"license-api","timestamp":"2025-05-18 16:03:20"}
{"level":"info","message":"POST /api/auth/register","service":"license-api","timestamp":"2025-05-18 16:03:20"}
{"level":"info","message":"服务器运行在 http://localhost:3001","service":"license-api","timestamp":"2025-05-18 16:04:02"}
{"level":"info","message":"环境: development","service":"license-api","timestamp":"2025-05-18 16:04:02"}
{"address":"::","code":"EADDRINUSE","errno":-48,"level":"error","message":"未捕获的异常: listen EADDRINUSE: address already in use :::3001","port":3001,"service":"license-api","stack":"Error: listen EADDRINUSE: address already in use :::3001\n    at Server.setupListenHandle [as _listen2] (node:net:1939:16)\n    at listenInCluster (node:net:1996:12)\n    at Server.listen (node:net:2101:7)\n    at Function.listen (/Users/mac-m4/github/license/license-management/backend/node_modules/express/lib/application.js:635:24)\n    at startServer (/Users/mac-m4/github/license/license-management/backend/src/index.js:65:9)\n    at process.processTicksAndRejections (node:internal/process/task_queues:105:5)","syscall":"listen","timestamp":"2025-05-18 16:04:02"}
{"level":"info","message":"GET /api/health","service":"license-api","timestamp":"2025-05-18 16:04:33"}
{"level":"info","message":"POST /api/auth/register","service":"license-api","timestamp":"2025-05-18 16:04:33"}
{"level":"info","message":"GET /api/health","service":"license-api","timestamp":"2025-05-18 16:06:56"}
{"level":"info","message":"POST /api/auth/register","service":"license-api","timestamp":"2025-05-18 16:06:56"}
{"level":"info","message":"服务器运行在 http://localhost:3001","service":"license-api","timestamp":"2025-05-18 16:07:50"}
{"level":"info","message":"环境: development","service":"license-api","timestamp":"2025-05-18 16:07:50"}
{"address":"::","code":"EADDRINUSE","errno":-48,"level":"error","message":"未捕获的异常: listen EADDRINUSE: address already in use :::3001","port":3001,"service":"license-api","stack":"Error: listen EADDRINUSE: address already in use :::3001\n    at Server.setupListenHandle [as _listen2] (node:net:1939:16)\n    at listenInCluster (node:net:1996:12)\n    at Server.listen (node:net:2101:7)\n    at Function.listen (/Users/mac-m4/github/license/license-management/backend/node_modules/express/lib/application.js:635:24)\n    at startServer (/Users/mac-m4/github/license/license-management/backend/src/index.js:65:9)\n    at process.processTicksAndRejections (node:internal/process/task_queues:105:5)","syscall":"listen","timestamp":"2025-05-18 16:07:50"}
{"level":"info","message":"服务器运行在 http://localhost:3001","service":"license-api","timestamp":"2025-05-18 16:07:57"}
{"level":"info","message":"环境: development","service":"license-api","timestamp":"2025-05-18 16:07:57"}
{"address":"::","code":"EADDRINUSE","errno":-48,"level":"error","message":"未捕获的异常: listen EADDRINUSE: address already in use :::3001","port":3001,"service":"license-api","stack":"Error: listen EADDRINUSE: address already in use :::3001\n    at Server.setupListenHandle [as _listen2] (node:net:1939:16)\n    at listenInCluster (node:net:1996:12)\n    at Server.listen (node:net:2101:7)\n    at Function.listen (/Users/mac-m4/github/license/license-management/backend/node_modules/express/lib/application.js:635:24)\n    at startServer (/Users/mac-m4/github/license/license-management/backend/src/index.js:65:9)\n    at process.processTicksAndRejections (node:internal/process/task_queues:105:5)","syscall":"listen","timestamp":"2025-05-18 16:07:57"}
{"level":"info","message":"服务器运行在 http://localhost:3001","service":"license-api","timestamp":"2025-05-18 16:09:12"}
{"level":"info","message":"环境: development","service":"license-api","timestamp":"2025-05-18 16:09:12"}
{"address":"::","code":"EADDRINUSE","errno":-48,"level":"error","message":"未捕获的异常: listen EADDRINUSE: address already in use :::3001","port":3001,"service":"license-api","stack":"Error: listen EADDRINUSE: address already in use :::3001\n    at Server.setupListenHandle [as _listen2] (node:net:1939:16)\n    at listenInCluster (node:net:1996:12)\n    at Server.listen (node:net:2101:7)\n    at Function.listen (/Users/mac-m4/github/license/license-management/backend/node_modules/express/lib/application.js:635:24)\n    at startServer (/Users/mac-m4/github/license/license-management/backend/src/index.js:65:9)\n    at process.processTicksAndRejections (node:internal/process/task_queues:105:5)","syscall":"listen","timestamp":"2025-05-18 16:09:12"}
{"level":"info","message":"服务器运行在 http://localhost:3001","service":"license-api","timestamp":"2025-05-18 16:10:51"}
{"level":"info","message":"环境: development","service":"license-api","timestamp":"2025-05-18 16:10:51"}
{"address":"::","code":"EADDRINUSE","errno":-48,"level":"error","message":"未捕获的异常: listen EADDRINUSE: address already in use :::3001","port":3001,"service":"license-api","stack":"Error: listen EADDRINUSE: address already in use :::3001\n    at Server.setupListenHandle [as _listen2] (node:net:1939:16)\n    at listenInCluster (node:net:1996:12)\n    at Server.listen (node:net:2101:7)\n    at Function.listen (/Users/mac-m4/github/license/license-management/backend/node_modules/express/lib/application.js:635:24)\n    at startServer (/Users/mac-m4/github/license/license-management/backend/src/index.js:65:9)\n    at process.processTicksAndRejections (node:internal/process/task_queues:105:5)","syscall":"listen","timestamp":"2025-05-18 16:10:51"}
{"level":"info","message":"GET /api/health","service":"license-api","timestamp":"2025-05-18 16:12:32"}
{"level":"info","message":"POST /api/auth/register","service":"license-api","timestamp":"2025-05-18 16:12:32"}
{"level":"info","message":"服务器运行在 http://localhost:3001","service":"license-api","timestamp":"2025-05-18 17:55:45"}
{"level":"info","message":"环境: development","service":"license-api","timestamp":"2025-05-18 17:55:45"}
{"address":"::","code":"EADDRINUSE","errno":-48,"level":"error","message":"未捕获的异常: listen EADDRINUSE: address already in use :::3001","port":3001,"service":"license-api","stack":"Error: listen EADDRINUSE: address already in use :::3001\n    at Server.setupListenHandle [as _listen2] (node:net:1939:16)\n    at listenInCluster (node:net:1996:12)\n    at Server.listen (node:net:2101:7)\n    at Function.listen (/Users/mac-m4/github/license/license-management/backend/node_modules/express/lib/application.js:635:24)\n    at startServer (/Users/mac-m4/github/license/license-management/backend/src/index.js:65:9)\n    at process.processTicksAndRejections (node:internal/process/task_queues:105:5)","syscall":"listen","timestamp":"2025-05-18 17:55:45"}
{"level":"info","message":"服务器运行在 http://localhost:3001","service":"license-api","timestamp":"2025-05-18 17:55:53"}
{"level":"info","message":"环境: development","service":"license-api","timestamp":"2025-05-18 17:55:53"}
{"address":"::","code":"EADDRINUSE","errno":-48,"level":"error","message":"未捕获的异常: listen EADDRINUSE: address already in use :::3001","port":3001,"service":"license-api","stack":"Error: listen EADDRINUSE: address already in use :::3001\n    at Server.setupListenHandle [as _listen2] (node:net:1939:16)\n    at listenInCluster (node:net:1996:12)\n    at Server.listen (node:net:2101:7)\n    at Function.listen (/Users/mac-m4/github/license/license-management/backend/node_modules/express/lib/application.js:635:24)\n    at startServer (/Users/mac-m4/github/license/license-management/backend/src/index.js:65:9)\n    at process.processTicksAndRejections (node:internal/process/task_queues:105:5)","syscall":"listen","timestamp":"2025-05-18 17:55:53"}
{"level":"info","message":"GET /api/health","service":"license-api","timestamp":"2025-05-18 17:57:59"}
{"level":"info","message":"POST /api/auth/register","service":"license-api","timestamp":"2025-05-18 17:57:59"}
{"level":"info","message":"GET /api/health","service":"license-api","timestamp":"2025-05-18 17:58:52"}
{"level":"info","message":"POST /api/auth/register","service":"license-api","timestamp":"2025-05-18 17:58:52"}
{"level":"info","message":"GET /api/health","service":"license-api","timestamp":"2025-05-18 17:59:09"}
{"level":"info","message":"POST /api/auth/register","service":"license-api","timestamp":"2025-05-18 17:59:09"}
